Arguments: 
  /home/luan/.nvm/versions/node/v16.15.0/bin/node /usr/share/yarn/bin/yarn.js install

PATH: 
  /home/luan/.nvm/versions/node/v16.15.0/bin:/home/luan/.local/bin:/usr/local/sbin:/usr/local/bin:/usr/sbin:/usr/bin:/sbin:/bin:/usr/games:/usr/local/games:/snap/bin

Yarn version: 
  1.22.18

Node version: 
  16.15.0

Platform: 
  linux x64

Trace: 
  Error: https://registry.yarnpkg.com/@expo/config/-/config-7.0.1.tgz: Request failed "503 Service Unavailable"
      at ResponseError.ExtendableBuiltin (/usr/share/yarn/lib/cli.js:696:66)
      at new ResponseError (/usr/share/yarn/lib/cli.js:802:124)
      at Request.<anonymous> (/usr/share/yarn/lib/cli.js:66208:16)
      at Request.emit (node:events:527:28)
      at Request.module.exports.Request.onRequestResponse (/usr/share/yarn/lib/cli.js:141760:10)
      at ClientRequest.emit (node:events:527:28)
      at HTTPParser.parserOnIncomingClient (node:_http_client:631:27)
      at HTTPParser.parserOnHeadersComplete (node:_http_common:128:17)
      at HTTPParser.execute (<anonymous>)
      at TLSSocket.socketOnData (node:_http_client:494:22)

npm manifest: 
  {
    "name": "mobile",
    "version": "1.0.0",
    "main": "node_modules/expo/AppEntry.js",
    "scripts": {
      "start": "expo start",
      "android": "expo start --android",
      "ios": "expo start --ios",
      "web": "expo start --web"
    },
    "dependencies": {
      "expo": "~46.0.9",
      "expo-status-bar": "~1.4.0",
      "react": "18.0.0",
      "react-dom": "18.0.0",
      "react-native": "0.69.5",
      "react-native-web": "~0.18.7"
    },
    "devDependencies": {
      "@babel/core": "^7.12.9",
      "@types/react": "~18.0.14",
      "@types/react-native": "~0.69.1",
      "typescript": "~4.3.5"
    },
    "private": true
  }

yarn manifest: 
  No manifest

Lockfile: 
  No lockfile
